<?xml version="1.0" encoding="UTF-8"?>
<!-- Generated by org.testng.reporters.JUnitXMLReporter -->
<testsuite hostname="DESKTOP-FCRONFB" ignored="0" name="Amazon Automation" tests="1" failures="1" timestamp="23 Dec 2019 10:35:38 GMT" time="29.24" errors="0">
  <testcase name="@AfterMethod getResult" time="1.799" classname="Framework.ExtentReportCreation">
    <failure type="java.lang.NullPointerException">
      <![CDATA[java.lang.NullPointerException
at Framework.ExtentReportCreation.getResult(ExtentReportCreation.java:47)
... Removed 28 stack frames]]>
    </failure>
  </testcase> <!-- @AfterMethod getResult -->
  <testcase name="purchase" time="5.619" classname="testCases.Purchase">
    <failure type="java.lang.NullPointerException">
      <![CDATA[java.lang.NullPointerException
at testCases.Purchase.purchase(Purchase.java:36)
... Removed 25 stack frames]]>
    </failure>
  </testcase> <!-- purchase -->
</testsuite> <!-- Amazon Automation -->
